<?xml version="1.0" encoding="UTF-8"?>
<!-- Generated by org.testng.reporters.JUnitXMLReporter -->
<testsuite hostname="DESKTOP-R9EM6AG" ignored="0" name="Forgotpassword2" tests="1" failures="1" timestamp="01 Mar 2020 18:25:35 GMT" time="1.531" errors="0">
  <testcase name="@AfterMethod tearDown" time="0.0" classname="base.TestBase">
    <failure type="java.lang.NullPointerException">
      <![CDATA[java.lang.NullPointerException
	at base.TestBase.tearDown(TestBase.java:227)
... Removed 27 stack frames]]>
    </failure>
  </testcase> <!-- @AfterMethod tearDown -->
  <testcase name="locateliveincidentmap" time="0.005" classname="testcases.Locateliveincidentmap">
    <failure type="java.lang.NullPointerException">
      <![CDATA[java.lang.NullPointerException
	at testcases.Locateliveincidentmap.locateliveincidentmap(Locateliveincidentmap.java:21)
... Removed 25 stack frames]]>
    </failure>
  </testcase> <!-- locateliveincidentmap -->
</testsuite> <!-- Forgotpassword2 -->
