<?xml version="1.0" encoding="UTF-8"?>
<!-- Generated by org.testng.reporters.JUnitXMLReporter -->
<testsuite hostname="DESKTOP-R9EM6AG" ignored="0" name="Locateliveincidentmap" tests="1" failures="0" timestamp="01 Mar 2020 18:34:56 GMT" time="0.045" errors="0">
  <testcase name="@BeforeMethod login" time="0.003" classname="base.TestBase">
    <failure type="org.openqa.selenium.NoSuchSessionException" message="Session ID is null. Using WebDriver after calling quit()?
Build info: version: &amp;apos;3.5.3&amp;apos;, revision: &amp;apos;a88d25fe6b&amp;apos;, time: &amp;apos;2017-08-29T12:42:44.417Z&amp;apos;
System info: host: &amp;apos;DESKTOP-R9EM6AG&amp;apos;, ip: &amp;apos;192.168.0.151&amp;apos;, os.name: &amp;apos;Windows 10&amp;apos;, os.arch: &amp;apos;amd64&amp;apos;, os.version: &amp;apos;10.0&amp;apos;, java.version: &amp;apos;1.8.0_232&amp;apos;
Driver info: driver.version: RemoteWebDriver">
      <![CDATA[org.openqa.selenium.NoSuchSessionException: Session ID is null. Using WebDriver after calling quit()?
Build info: version: '3.5.3', revision: 'a88d25fe6b', time: '2017-08-29T12:42:44.417Z'
System info: host: 'DESKTOP-R9EM6AG', ip: '192.168.0.151', os.name: 'Windows 10', os.arch: 'amd64', os.version: '10.0', java.version: '1.8.0_232'
Driver info: driver.version: RemoteWebDriver
	at org.openqa.selenium.remote.HttpCommandExecutor.execute(HttpCommandExecutor.java:131)
	at org.openqa.selenium.remote.service.DriverCommandExecutor.execute(DriverCommandExecutor.java:82)
	at org.openqa.selenium.remote.RemoteWebDriver.execute(RemoteWebDriver.java:646)
	at org.openqa.selenium.remote.RemoteWebDriver.get(RemoteWebDriver.java:370)
	at base.TestBase.login(TestBase.java:217)
... Removed 27 stack frames]]>
    </failure>
  </testcase> <!-- @BeforeMethod login -->
  <testcase name="locateliveincidentmap" time="0.0" classname="testcases.Locateliveincidentmap">
    <skipped/>
  </testcase> <!-- locateliveincidentmap -->
</testsuite> <!-- Locateliveincidentmap -->
