<?xml version="1.0" encoding="UTF-8"?>
<!-- Generated by org.testng.reporters.JUnitXMLReporter -->
<testsuite hostname="DESKTOP-R9EM6AG" ignored="0" name="LoginApplication" tests="1" failures="1" timestamp="02 Mar 2020 03:18:09 GMT" time="3.265" errors="0">
  <testcase name="loginApplication" time="0.001" classname="testcases.LoginApplication">
    <failure type="java.lang.IllegalArgumentException" message="Cannot find elements when the XPath expression is null.">
      <![CDATA[java.lang.IllegalArgumentException: Cannot find elements when the XPath expression is null.
	at org.openqa.selenium.By.xpath(By.java:113)
	at base.TestBase.type(TestBase.java:151)
	at testcases.LoginApplication.loginApplication(LoginApplication.java:20)
... Removed 25 stack frames]]>
    </failure>
  </testcase> <!-- loginApplication -->
</testsuite> <!-- LoginApplication -->
