<?xml version="1.0" encoding="UTF-8"?>
<!-- Generated by org.testng.reporters.JUnitXMLReporter -->
<testsuite hostname="DESKTOP-R9EM6AG" ignored="3" name="Test" tests="2" failures="1" timestamp="01 Mar 2020 18:42:27 GMT" time="1.171" errors="0">
  <testcase name="@AfterMethod tearDown" time="0.0" classname="base.TestBase">
    <failure type="java.lang.NullPointerException">
      <![CDATA[java.lang.NullPointerException
	at base.TestBase.tearDown(TestBase.java:229)
... Removed 27 stack frames]]>
    </failure>
  </testcase> <!-- @AfterMethod tearDown -->
  <testcase name="locateliveincidentmap" time="0.082" classname="testcases.Locateliveincidentmap"/>
  <testcase name="forgotpassword" time="0.003" classname="testcases.Forgotpassword">
    <failure type="java.lang.NullPointerException">
      <![CDATA[java.lang.NullPointerException
	at testcases.Forgotpassword.forgotpassword(Forgotpassword.java:21)
... Removed 25 stack frames]]>
    </failure>
  </testcase> <!-- forgotpassword -->
  <testcase name="@BeforeSuite setUp" time="0.0" classname="base.TestBase">
    <ignored/>
  </testcase> <!-- @BeforeSuite setUp -->
  <testcase name="@BeforeTest setExtent" time="0.0" classname="base.TestBase">
    <ignored/>
  </testcase> <!-- @BeforeTest setExtent -->
  <testcase name="@AfterSuite endreport" time="0.0" classname="base.TestBase">
    <ignored/>
  </testcase> <!-- @AfterSuite endreport -->
</testsuite> <!-- Test -->
